<?xml version="1.0" encoding="UTF-8"?>
<testsuite xmlns:xsi="http://www.w3.org/2001/XMLSchema-instance" xsi:noNamespaceSchemaLocation="https://maven.apache.org/surefire/maven-surefire-plugin/xsd/surefire-test-report-3.0.xsd" version="3.0" name="GreeterTest" time="0.212" tests="3" errors="0" skipped="0" failures="0">
  <properties>
[...]
</properties>
  <testcase name="nullCase" classname="GreeterTest" time="0.067">
    <system-out><![CDATA[23:33:38.308 [main] INFO org.Greeter -- hello guest
]]></system-out>
  </testcase>
  <testcase name="normal" classname="GreeterTest" time="0.006">
    <system-out><![CDATA[23:33:38.342 [main] INFO org.Greeter -- hello quan
]]></system-out>
  </testcase>
  <testcase name="blank" classname="GreeterTest" time="0.002">
    <system-out><![CDATA[23:33:38.347 [main] INFO org.Greeter -- hello guest
]]></system-out>
  </testcase>
</testsuite>