<?xml version="1.0" encoding="UTF-8"?>
<testsuite xmlns:xsi="http://www.w3.org/2001/XMLSchema-instance" xsi:noNamespaceSchemaLocation="https://maven.apache.org/surefire/maven-surefire-plugin/xsd/surefire-test-report-3.0.xsd" version="3.0" name="OrderServiceTest" time="0.398" tests="3" errors="0" skipped="0" failures="0">
  <properties>
[...]
</properties>
  <testcase name="invalidQty" classname="OrderServiceTest" time="0.029">
    <system-out><![CDATA[2026-05-07 23:33:45.217 [main] INFO  OrderServiceTest - === Bắt đầu chạy OrderServiceTest ===
2026-05-07 23:33:45.250 [main] INFO  org.OrderService - tinh tong qty=0 price=10.0
2026-05-07 23:33:45.252 [main] ERROR org.OrderService - input khong hop le qty=0 price=10.0
]]></system-out>
  </testcase>
  <testcase name="totalOk" classname="OrderServiceTest" time="0.003">
    <system-out><![CDATA[2026-05-07 23:33:45.266 [main] INFO  org.OrderService - tinh tong qty=3 price=20.0
2026-05-07 23:33:45.266 [main] INFO  org.OrderService - ket qua tong=60.0
]]></system-out>
  </testcase>
  <testcase name="invalidPrice" classname="OrderServiceTest" time="0.004">
    <system-out><![CDATA[2026-05-07 23:33:45.277 [main] INFO  org.OrderService - tinh tong qty=2 price=-1.0
2026-05-07 23:33:45.278 [main] ERROR org.OrderService - input khong hop le qty=2 price=-1.0
]]></system-out>
  </testcase>
</testsuite>